Arguments: 
  C:\Program Files\nodejs\node.exe C:\Program Files (x86)\Yarn\bin\yarn.js add babel-preset-react-@6.24.1 babel-preset-env@1.5.2

PATH: 
  C:\Users\igrfm\bin;C:\Program Files\Git\mingw64\bin;C:\Program Files\Git\usr\local\bin;C:\Program Files\Git\usr\bin;C:\Program Files\Git\usr\bin;C:\Program Files\Git\mingw64\bin;C:\Program Files\Git\usr\bin;C:\Users\igrfm\bin;C:\Program Files (x86)\Common Files\Oracle\Java\javapath;C:\Program Files (x86)\NVIDIA Corporation\PhysX\Common;C:\Program Files (x86)\Razer Chroma SDK\bin;C:\Program Files\Razer Chroma SDK\bin;C:\WINDOWS\system32;C:\WINDOWS;C:\WINDOWS\System32\Wbem;C:\WINDOWS\System32\WindowsPowerShell\v1.0;C:\Users\igrfm\AppData\Local\Microsoft\WindowsApps;C:\Program Files (x86)\Skype\Phone;C:\WINDOWS\system32;C:\WINDOWS;C:\WINDOWS\System32\Wbem;C:\WINDOWS\System32\WindowsPowerShell\v1.0;C:\Program Files\Golem;C:\Program Files\Docker Toolbox;C:\OpenSSL;C:\Program Files\HyperG;C:\Program Files\Git\cmd;C:\Program Files\dotnet;C:\Program Files\Microsoft SQL Server\130\Tools\Binn;C:\WINDOWS\System32\OpenSSH;C:\Program Files\Genymobile\Genymotion\tools;C:\Program Files\nodejs;C:\Program Files (x86)\Yarn\bin;C:\Users\igrfm\AppData\Local\Microsoft\WindowsApps;C:\Program Files\Docker Toolbox;C:\Users\igrfm\AppData\Local\Programs\Microsoft VS Code\bin;C:\Users\igrfm\AppData\Roaming\npm;C:\Users\igrfm\AppData\Local\Yarn\bin;C:\Users\igrfm\Desktop\Android SDK\android-sdk-windows\platforms;C:\Users\igrfm\Desktop\Android SDK\android-sdk-windows\platform-tools;C:\Users\igrfm\Desktop\Android SDK\android-sdk-windows\tools;C:\Users\igrfm\Desktop\Android SDK\android-sdk-windows\tools\bin;C:\Program Files\Git\usr\bin\vendor_perl;C:\Program Files\Git\usr\bin\core_perl

Yarn version: 
  1.12.3

Node version: 
  10.14.2

Platform: 
  win32 x64

Trace: 
  Error: https://registry.yarnpkg.com/babel-preset-react-: Not found
      at Request.params.callback [as _callback] (C:\Program Files (x86)\Yarn\lib\cli.js:65003:18)
      at Request.self.callback (C:\Program Files (x86)\Yarn\lib\cli.js:129018:22)
      at Request.emit (events.js:182:13)
      at Request.<anonymous> (C:\Program Files (x86)\Yarn\lib\cli.js:129990:10)
      at Request.emit (events.js:182:13)
      at IncomingMessage.<anonymous> (C:\Program Files (x86)\Yarn\lib\cli.js:129912:12)
      at Object.onceWrapper (events.js:273:13)
      at IncomingMessage.emit (events.js:187:15)
      at endReadableNT (_stream_readable.js:1094:12)
      at process._tickCallback (internal/process/next_tick.js:63:19)

npm manifest: 
  {
    "name": "indecision-app",
    "version": "1.0.0",
    "main": "index.js",
    "license": "MIT"
  }

yarn manifest: 
  No manifest

Lockfile: 
  No lockfile
